SoulSync/app/build/intermediates/manifest_merge_blame_file/debug/manifest-merger-blame-debug-report.txt
1<?xml version="1.0" encoding="utf-8"?>
2<manifest xmlns:android="http://schemas.android.com/apk/res/android"
3    package="com.example.moodapp"
4    android:versionCode="1"
5    android:versionName="1.0" >
6
7    <uses-sdk
8        android:minSdkVersion="25"
8-->src\main\AndroidManifest.xml
9        android:targetSdkVersion="33" />
9-->src\main\AndroidManifest.xml
10
11    <uses-permission android:name="android.permission.WRITE_EXTERNAL_STORAGE" />
11-->src\main\AndroidManifest.xml:4:5-81
11-->src\main\AndroidManifest.xml:4:22-78
12    <uses-permission android:name="android.permission.REORDER_TASKS" />
12-->[androidx.test:core:1.5.0] AndroidManifest.xml:24:5-72
12-->[androidx.test:core:1.5.0] AndroidManifest.xml:24:22-69
13
14    <permission
14-->[androidx.core:core:1.10.1] AndroidManifest.xml:22:5-24:47
15        android:name="com.example.moodapp.DYNAMIC_RECEIVER_NOT_EXPORTED_PERMISSION"
15-->[androidx.core:core:1.10.1] AndroidManifest.xml:23:9-81
16        android:protectionLevel="signature" />
16-->[androidx.core:core:1.10.1] AndroidManifest.xml:24:9-44
17
18    <uses-permission android:name="com.example.moodapp.DYNAMIC_RECEIVER_NOT_EXPORTED_PERMISSION" />
18-->[androidx.core:core:1.10.1] AndroidManifest.xml:26:5-97
18-->[androidx.core:core:1.10.1] AndroidManifest.xml:26:22-94
19
20    <application
20-->src\main\AndroidManifest.xml:6:5-27:19
21        android:allowBackup="true"
21-->src\main\AndroidManifest.xml:7:9-35
22        android:appComponentFactory="androidx.core.app.CoreComponentFactory"
22-->[androidx.core:core:1.10.1] AndroidManifest.xml:28:18-86
23        android:dataExtractionRules="@xml/data_extraction_rules"
23-->src\main\AndroidManifest.xml:8:9-65
24        android:debuggable="true"
25        android:extractNativeLibs="false"
26        android:fullBackupContent="@xml/backup_rules"
26-->src\main\AndroidManifest.xml:9:9-54
27        android:icon="@mipmap/ic_launcher"
27-->src\main\AndroidManifest.xml:10:9-43
28        android:label="@string/app_name"
28-->src\main\AndroidManifest.xml:11:9-41
29        android:roundIcon="@mipmap/ic_launcher_round"
29-->src\main\AndroidManifest.xml:12:9-54
30        android:supportsRtl="true"
30-->src\main\AndroidManifest.xml:13:9-35
31        android:testOnly="true"
32        android:theme="@style/Theme.MoodApp" >
32-->src\main\AndroidManifest.xml:14:9-45
33        <activity
33-->src\main\AndroidManifest.xml:16:9-26:20
34            android:name="com.example.moodapp.MainActivity"
34-->src\main\AndroidManifest.xml:17:13-41
35            android:exported="true"
35-->src\main\AndroidManifest.xml:18:13-36
36            android:label="@string/app_name"
36-->src\main\AndroidManifest.xml:19:13-45
37            android:theme="@style/Theme.MoodApp" >
37-->src\main\AndroidManifest.xml:20:13-49
38            <intent-filter>
38-->src\main\AndroidManifest.xml:21:13-25:29
39                <action android:name="android.intent.action.MAIN" />
39-->src\main\AndroidManifest.xml:22:17-69
39-->src\main\AndroidManifest.xml:22:25-66
40
41                <category android:name="android.intent.category.LAUNCHER" />
41-->src\main\AndroidManifest.xml:24:17-77
41-->src\main\AndroidManifest.xml:24:27-74
42            </intent-filter>
43        </activity>
44        <activity
44-->[androidx.compose.ui:ui-test-manifest:1.4.3] AndroidManifest.xml:23:9-25:39
45            android:name="androidx.activity.ComponentActivity"
45-->[androidx.compose.ui:ui-test-manifest:1.4.3] AndroidManifest.xml:24:13-63
46            android:exported="true" />
46-->[androidx.compose.ui:ui-test-manifest:1.4.3] AndroidManifest.xml:25:13-36
47
48        <provider
48-->[androidx.emoji2:emoji2:1.3.0] AndroidManifest.xml:24:9-32:20
49            android:name="androidx.startup.InitializationProvider"
49-->[androidx.emoji2:emoji2:1.3.0] AndroidManifest.xml:25:13-67
50            android:authorities="com.example.moodapp.androidx-startup"
50-->[androidx.emoji2:emoji2:1.3.0] AndroidManifest.xml:26:13-68
51            android:exported="false" >
51-->[androidx.emoji2:emoji2:1.3.0] AndroidManifest.xml:27:13-37
52            <meta-data
52-->[androidx.emoji2:emoji2:1.3.0] AndroidManifest.xml:29:13-31:52
53                android:name="androidx.emoji2.text.EmojiCompatInitializer"
53-->[androidx.emoji2:emoji2:1.3.0] AndroidManifest.xml:30:17-75
54                android:value="androidx.startup" />
54-->[androidx.emoji2:emoji2:1.3.0] AndroidManifest.xml:31:17-49
55            <meta-data
55-->[androidx.lifecycle:lifecycle-process:2.6.1] AndroidManifest.xml:29:13-31:52
56                android:name="androidx.lifecycle.ProcessLifecycleInitializer"
56-->[androidx.lifecycle:lifecycle-process:2.6.1] AndroidManifest.xml:30:17-78
57                android:value="androidx.startup" />
57-->[androidx.lifecycle:lifecycle-process:2.6.1] AndroidManifest.xml:31:17-49
58            <meta-data
58-->[androidx.profileinstaller:profileinstaller:1.3.0] AndroidManifest.xml:29:13-31:52
59                android:name="androidx.profileinstaller.ProfileInstallerInitializer"
59-->[androidx.profileinstaller:profileinstaller:1.3.0] AndroidManifest.xml:30:17-85
60                android:value="androidx.startup" />
60-->[androidx.profileinstaller:profileinstaller:1.3.0] AndroidManifest.xml:31:17-49
61        </provider>
62
63        <activity
63-->[androidx.test:core:1.5.0] AndroidManifest.xml:27:9-34:20
64            android:name="androidx.test.core.app.InstrumentationActivityInvoker$BootstrapActivity"
64-->[androidx.test:core:1.5.0] AndroidManifest.xml:28:13-99
65            android:exported="true"
65-->[androidx.test:core:1.5.0] AndroidManifest.xml:29:13-36
66            android:theme="@style/WhiteBackgroundTheme" >
66-->[androidx.test:core:1.5.0] AndroidManifest.xml:30:13-56
67            <intent-filter android:priority="-100" >
67-->[androidx.test:core:1.5.0] AndroidManifest.xml:31:13-33:29
67-->[androidx.test:core:1.5.0] AndroidManifest.xml:31:28-51
68                <category android:name="android.intent.category.LAUNCHER" />
68-->src\main\AndroidManifest.xml:24:17-77
68-->src\main\AndroidManifest.xml:24:27-74
69            </intent-filter>
70        </activity>
71        <activity
71-->[androidx.test:core:1.5.0] AndroidManifest.xml:35:9-42:20
72            android:name="androidx.test.core.app.InstrumentationActivityInvoker$EmptyActivity"
72-->[androidx.test:core:1.5.0] AndroidManifest.xml:36:13-95
73            android:exported="true"
73-->[androidx.test:core:1.5.0] AndroidManifest.xml:37:13-36
74            android:theme="@style/WhiteBackgroundTheme" >
74-->[androidx.test:core:1.5.0] AndroidManifest.xml:38:13-56
75            <intent-filter android:priority="-100" >
75-->[androidx.test:core:1.5.0] AndroidManifest.xml:31:13-33:29
75-->[androidx.test:core:1.5.0] AndroidManifest.xml:31:28-51
76                <category android:name="android.intent.category.LAUNCHER" />
76-->src\main\AndroidManifest.xml:24:17-77
76-->src\main\AndroidManifest.xml:24:27-74
77            </intent-filter>
78        </activity>
79        <activity
79-->[androidx.test:core:1.5.0] AndroidManifest.xml:43:9-50:20
80            android:name="androidx.test.core.app.InstrumentationActivityInvoker$EmptyFloatingActivity"
80-->[androidx.test:core:1.5.0] AndroidManifest.xml:44:13-103
81            android:exported="true"
81-->[androidx.test:core:1.5.0] AndroidManifest.xml:45:13-36
82            android:theme="@style/WhiteBackgroundDialogTheme" >
82-->[androidx.test:core:1.5.0] AndroidManifest.xml:46:13-62
83            <intent-filter android:priority="-100" >
83-->[androidx.test:core:1.5.0] AndroidManifest.xml:31:13-33:29
83-->[androidx.test:core:1.5.0] AndroidManifest.xml:31:28-51
84                <category android:name="android.intent.category.LAUNCHER" />
84-->src\main\AndroidManifest.xml:24:17-77
84-->src\main\AndroidManifest.xml:24:27-74
85            </intent-filter>
86        </activity>
87        <activity
87-->[androidx.compose.ui:ui-tooling:1.4.3] AndroidManifest.xml:23:9-25:39
88            android:name="androidx.compose.ui.tooling.PreviewActivity"
88-->[androidx.compose.ui:ui-tooling:1.4.3] AndroidManifest.xml:24:13-71
89            android:exported="true" />
89-->[androidx.compose.ui:ui-tooling:1.4.3] AndroidManifest.xml:25:13-36
90
91        <service
91-->[androidx.room:room-runtime:2.5.1] AndroidManifest.xml:24:9-28:63
92            android:name="androidx.room.MultiInstanceInvalidationService"
92-->[androidx.room:room-runtime:2.5.1] AndroidManifest.xml:25:13-74
93            android:directBootAware="true"
93-->[androidx.room:room-runtime:2.5.1] AndroidManifest.xml:26:13-43
94            android:exported="false" />
94-->[androidx.room:room-runtime:2.5.1] AndroidManifest.xml:27:13-37
95
96        <receiver
96-->[androidx.profileinstaller:profileinstaller:1.3.0] AndroidManifest.xml:34:9-52:20
97            android:name="androidx.profileinstaller.ProfileInstallReceiver"
97-->[androidx.profileinstaller:profileinstaller:1.3.0] AndroidManifest.xml:35:13-76
98            android:directBootAware="false"
98-->[androidx.profileinstaller:profileinstaller:1.3.0] AndroidManifest.xml:36:13-44
99            android:enabled="true"
99-->[androidx.profileinstaller:profileinstaller:1.3.0] AndroidManifest.xml:37:13-35
100            android:exported="true"
100-->[androidx.profileinstaller:profileinstaller:1.3.0] AndroidManifest.xml:38:13-36
101            android:permission="android.permission.DUMP" >
101-->[androidx.profileinstaller:profileinstaller:1.3.0] AndroidManifest.xml:39:13-57
102            <intent-filter>
102-->[androidx.profileinstaller:profileinstaller:1.3.0] AndroidManifest.xml:40:13-42:29
103                <action android:name="androidx.profileinstaller.action.INSTALL_PROFILE" />
103-->[androidx.profileinstaller:profileinstaller:1.3.0] AndroidManifest.xml:41:17-91
103-->[androidx.profileinstaller:profileinstaller:1.3.0] AndroidManifest.xml:41:25-88
104            </intent-filter>
105            <intent-filter>
105-->[androidx.profileinstaller:profileinstaller:1.3.0] AndroidManifest.xml:43:13-45:29
106                <action android:name="androidx.profileinstaller.action.SKIP_FILE" />
106-->[androidx.profileinstaller:profileinstaller:1.3.0] AndroidManifest.xml:44:17-85
106-->[androidx.profileinstaller:profileinstaller:1.3.0] AndroidManifest.xml:44:25-82
107            </intent-filter>
108            <intent-filter>
108-->[androidx.profileinstaller:profileinstaller:1.3.0] AndroidManifest.xml:46:13-48:29
109                <action android:name="androidx.profileinstaller.action.SAVE_PROFILE" />
109-->[androidx.profileinstaller:profileinstaller:1.3.0] AndroidManifest.xml:47:17-88
109-->[androidx.profileinstaller:profileinstaller:1.3.0] AndroidManifest.xml:47:25-85
110            </intent-filter>
111            <intent-filter>
111-->[androidx.profileinstaller:profileinstaller:1.3.0] AndroidManifest.xml:49:13-51:29
112                <action android:name="androidx.profileinstaller.action.BENCHMARK_OPERATION" />
112-->[androidx.profileinstaller:profileinstaller:1.3.0] AndroidManifest.xml:50:17-95
112-->[androidx.profileinstaller:profileinstaller:1.3.0] AndroidManifest.xml:50:25-92
113            </intent-filter>
114        </receiver>
115    </application>
116
117</manifest>